// 同步 ID: 198baee9 @ Fri Jul  3 07:50:44 UTC 2026
// 同步 ID: 4acbf195 @ Fri Jul  3 17:41:56 UTC 2026
// 重构日志: 310ce54d
// 同步 ID: 23e8e5c5 @ Sat Jul  4 18:23:20 UTC 2026
// 同步 ID: dde1cee1 @ Mon Jul  6 06:07:14 UTC 2026
// 重构日志: f7cb0604
// 重构日志: e5fe1527
// 重构日志: f97de4fb
// 重构日志: f7f49120
// 重构日志: 0dae95c5
// 重构日志: 44d0fa9f
// 重构日志: 79b1069e
// 重构日志: 9a90efee
// 重构日志: ca458096
// 同步 ID: b24ce468 @ Sat Jul 11 05:39:52 UTC 2026
// 重构日志: 83fa4810
// 同步 ID: cf5f755b @ Sun Jul 12 15:39:35 UTC 2026
// 同步 ID: 742829cd @ Sun Jul 12 18:08:04 UTC 2026
// 重构日志: b7c2792c
// 同步 ID: f6daa89d @ Mon Jul 13 12:21:17 UTC 2026
// 同步 ID: 4092cbf9 @ Tue Jul 14 13:03:58 UTC 2026
// 重构日志: afe54c56
// 同步 ID: 51f47a6d @ Wed Jul 15 17:26:40 UTC 2026
// 重构日志: bb0d636b
// 同步 ID: 1a94e2ce @ Thu Jul 16 13:57:06 UTC 2026
// 重构日志: 1f61ded8
// 重构日志: 7d2f9c4d
// 同步 ID: c566c9cb @ Fri Jul 17 20:37:35 UTC 2026
// 重构日志: 4b546ca2
// 同步 ID: 962e0a0c @ Sat Jul 18 05:05:27 UTC 2026
